\BOOKMARK [0][-]{title.0}{Titlepage}{}% 1
\BOOKMARK [1][-]{copyright.1}{Copyright}{title.0}% 2
\BOOKMARK [1][-]{dedication.1}{Dedication}{title.0}% 3
\BOOKMARK [1][-]{acknowledgements.1}{Acknowledgements}{title.0}% 4
\BOOKMARK [0][-]{toc.0}{Table of Contents}{}% 5
\BOOKMARK [0][-]{Tables.0}{List of Tables}{}% 6
\BOOKMARK [0][-]{Figures.0}{List of Figures}{}% 7
\BOOKMARK [0][-]{Algorithms.0}{List of Algorithms}{}% 8
\BOOKMARK [0][-]{abstract.0}{Abstract}{}% 9
\BOOKMARK [0][-]{chapter.1}{Chapter 1 \204 Introduction}{}% 10
\BOOKMARK [1][-]{section*.10}{How does the sun affect us and why do we care?}{chapter.1}% 11
\BOOKMARK [1][-]{section*.12}{Where does the sun's energy and magnetic field come from?}{chapter.1}% 12
\BOOKMARK [1][-]{section*.13}{The Solar Atmosphere}{chapter.1}% 13
\BOOKMARK [1][-]{section*.14}{What are we looking for when we study the solar atmosphere and why?}{chapter.1}% 14
\BOOKMARK [1][-]{section*.15}{How do we study the solar atmosphere?}{chapter.1}% 15
\BOOKMARK [1][-]{section*.18}{Thesis Outline}{chapter.1}% 16
\BOOKMARK [0][-]{chapter.2}{Chapter 2 \204 Modeling A Propagating Sawtooth Flare Ribbon as a Tearing Mode in the Presence of Velocity Shear}{}% 17
\BOOKMARK [1][-]{section*.19}{Contribution of Authors and Co-Authors}{chapter.2}% 18
\BOOKMARK [1][-]{section*.20}{Manuscript Information}{chapter.2}% 19
\BOOKMARK [1][-]{section*.21}{Abstract}{chapter.2}% 20
\BOOKMARK [1][-]{section*.22}{Introduction}{chapter.2}% 21
\BOOKMARK [1][-]{section*.25}{Linear Tearing Mode Instability with Shear Flow}{chapter.2}% 22
\BOOKMARK [1][-]{section*.28}{Modeling Observations}{chapter.2}% 23
\BOOKMARK [1][-]{section*.37}{Discussions and Conclusions}{chapter.2}% 24
\BOOKMARK [1][-]{section*.38}{Acknowledgements}{chapter.2}% 25
\BOOKMARK [0][-]{chapter.3}{Chapter 3 \204 Determining the Spectral Content of MOSES Images}{}% 26
\BOOKMARK [1][-]{section*.39}{Contribution of Authors and Co-Authors}{chapter.3}% 27
\BOOKMARK [1][-]{section*.40}{Manuscript Information}{chapter.3}% 28
\BOOKMARK [1][-]{section*.41}{Abstract}{chapter.3}% 29
\BOOKMARK [1][-]{section*.42}{Introduction}{chapter.3}% 30
\BOOKMARK [1][-]{section*.43}{Data}{chapter.3}% 31
\BOOKMARK [1][-]{section*.48}{Methods}{chapter.3}% 32
\BOOKMARK [1][-]{section*.55}{Results}{chapter.3}% 33
\BOOKMARK [1][-]{section*.61}{Discussion and Conclusions}{chapter.3}% 34
\BOOKMARK [1][-]{section*.62}{Acknowledgments}{chapter.3}% 35
\BOOKMARK [0][-]{chapter.4}{Chapter 4 \204 First Flight of the EUV Snapshot Imaging Spectrograph \(ESIS\)}{}% 36
\BOOKMARK [1][-]{section*.63}{Contribution of Authors and Co-Authors}{chapter.4}% 37
\BOOKMARK [1][-]{section*.64}{Manuscript Information}{chapter.4}% 38
\BOOKMARK [1][-]{section*.65}{Abstract}{chapter.4}% 39
\BOOKMARK [1][-]{section*.66}{Introduction}{chapter.4}% 40
\BOOKMARK [1][-]{section*.67}{ESIS Mission}{chapter.4}% 41
\BOOKMARK [1][-]{section*.75}{Data}{chapter.4}% 42
\BOOKMARK [1][-]{section*.88}{Preliminary Results}{chapter.4}% 43
\BOOKMARK [1][-]{section*.97}{Discussion/Conclusions and Future Work}{chapter.4}% 44
\BOOKMARK [1][-]{section*.98}{Acknowledgments}{chapter.4}% 45
\BOOKMARK [0][-]{chapter.5}{Chapter 5 \204 Final Conclusions}{}% 46
\BOOKMARK [0][-]{section*.99}{References Cited}{}% 47
\BOOKMARK [0][-]{section*.100}{APPENDICES}{}% 48
\BOOKMARK [1][-]{appendix.A}{APPENDIX A: \040Despiking}{section*.100}% 49
\BOOKMARK [1][-]{appendix.B}{APPENDIX B: \040Multiplicative Algebraic Reconstruction Technique}{section*.100}% 50
